[2025-07-21 08:05:42.964] ===============================================================
[2025-07-21 08:05:43.031] Use 67.11ms to generate 6572646 subproblems!
[2025-07-21 08:05:45.408] gpu [1] start job, with 1051623 subproblems.
[2025-07-21 08:05:45.464] gpu [5] start job, with 657264 subproblems.
[2025-07-21 08:05:45.533] gpu [2] start job, with 854443 subproblems.
[2025-07-21 08:05:45.541] gpu [4] start job, with 722991 subproblems.
[2025-07-21 08:05:45.551] gpu [0] start job, with 1183076 subproblems.
[2025-07-21 08:05:45.568] gpu [3] start job, with 788717 subproblems.
[2025-07-21 08:05:45.584] gpu [7] start job, with 657268 subproblems.
[2025-07-21 08:05:45.605] gpu [6] start job, with 657264 subproblems.
[2025-07-21 08:07:08.534] gpu [0] finish job.
[2025-07-21 08:07:09.964] gpu [7] finish job.
[2025-07-21 08:07:10.171] gpu [1] finish job.
[2025-07-21 08:07:12.538] gpu [3] finish job.
[2025-07-21 08:07:12.899] gpu [6] finish job.
[2025-07-21 08:07:13.386] gpu [2] finish job.
[2025-07-21 08:07:14.996] gpu [5] finish job.
[2025-07-21 08:07:17.462] gpu [4] finish job.
[2025-07-21 08:07:17.468] cuda 22 queens result 2691008701644, calc time: [94504.33ms]
[2025-07-21 08:07:17.468] ===============================================================
[2025-07-21 08:09:26.369] ===============================================================
[2025-07-21 08:09:26.456] Use 86.49ms to generate 9454151 subproblems!
[2025-07-21 08:09:28.093] gpu [5] start job, with 945415 subproblems.
[2025-07-21 08:09:28.095] gpu [0] start job, with 1701747 subproblems.
[2025-07-21 08:09:28.140] gpu [6] start job, with 945415 subproblems.
[2025-07-21 08:09:28.163] gpu [1] start job, with 1512664 subproblems.
[2025-07-21 08:09:28.196] gpu [2] start job, with 1229039 subproblems.
[2025-07-21 08:09:28.214] gpu [4] start job, with 1039956 subproblems.
[2025-07-21 08:09:28.235] gpu [7] start job, with 945417 subproblems.
[2025-07-21 08:09:28.257] gpu [3] start job, with 1134498 subproblems.
[2025-07-21 08:21:30.829] gpu [5] finish job.
[2025-07-21 08:21:41.552] gpu [0] finish job.
[2025-07-21 08:21:48.633] gpu [2] finish job.
[2025-07-21 08:22:19.956] gpu [6] finish job.
[2025-07-21 08:22:26.158] gpu [1] finish job.
[2025-07-21 08:22:49.442] gpu [7] finish job.
[2025-07-21 08:22:55.552] gpu [4] finish job.
[2025-07-21 08:23:17.350] gpu [3] finish job.
[2025-07-21 08:23:17.362] cuda 23 queens result 24233937684440, calc time: [830993.25ms]
[2025-07-21 08:23:17.362] ===============================================================
[2025-07-21 08:33:50.458] ===============================================================
[2025-07-21 08:33:50.592] Use 134.73ms to generate 13335292 subproblems!
[2025-07-21 08:33:52.312] gpu [2] start job, with 1733587 subproblems.
[2025-07-21 08:33:52.325] gpu [7] start job, with 1333532 subproblems.
[2025-07-21 08:33:52.331] gpu [5] start job, with 1333529 subproblems.
[2025-07-21 08:33:52.342] gpu [0] start job, with 2400352 subproblems.
[2025-07-21 08:33:52.366] gpu [6] start job, with 1333529 subproblems.
[2025-07-21 08:33:52.394] gpu [1] start job, with 2133646 subproblems.
[2025-07-21 08:33:52.412] gpu [3] start job, with 1600235 subproblems.
[2025-07-21 08:33:52.434] gpu [4] start job, with 1466882 subproblems.
[2025-07-21 10:26:25.175] gpu [0] finish job.
[2025-07-21 10:29:10.800] gpu [2] finish job.
[2025-07-21 10:30:52.595] gpu [7] finish job.
[2025-07-21 10:31:31.310] gpu [4] finish job.
[2025-07-21 10:35:30.103] gpu [5] finish job.
[2025-07-21 10:37:24.215] gpu [1] finish job.
[2025-07-21 10:39:18.684] gpu [6] finish job.
[2025-07-21 10:47:06.700] gpu [3] finish job.
[2025-07-21 10:47:06.715] cuda 24 queens result 227514171973736, calc time: [7996257.00ms]
[2025-07-21 10:47:06.715] ===============================================================
[2025-07-21 10:50:00.353] ===============================================================
[2025-07-21 10:50:00.519] Use 165.18ms to generate 18480585 subproblems!
[2025-07-21 10:50:02.247] gpu [3] start job, with 2217670 subproblems.
[2025-07-21 10:50:02.371] gpu [0] start job, with 3326505 subproblems.
[2025-07-21 10:50:02.398] gpu [2] start job, with 2402475 subproblems.
[2025-07-21 10:50:02.406] gpu [5] start job, with 1848058 subproblems.
[2025-07-21 10:50:02.471] gpu [6] start job, with 1848058 subproblems.
[2025-07-21 10:50:02.626] gpu [1] start job, with 2956893 subproblems.
[2025-07-21 10:50:02.632] gpu [4] start job, with 2032864 subproblems.
[2025-07-21 10:50:02.682] gpu [7] start job, with 1848062 subproblems.
[2025-07-22 04:47:28.904] gpu [0] finish job.
[2025-07-22 05:17:23.885] gpu [6] finish job.
[2025-07-22 06:12:20.538] gpu [5] finish job.
[2025-07-22 06:23:21.779] gpu [2] finish job.
[2025-07-22 06:51:15.976] gpu [3] finish job.
[2025-07-22 07:05:02.891] gpu [7] finish job.
[2025-07-22 07:17:51.786] gpu [1] finish job.
[2025-07-22 07:38:13.103] gpu [4] finish job.
[2025-07-22 07:38:13.139] cuda 25 queens result 2207893435808352, calc time: [74892784.00ms]
[2025-07-22 07:38:13.139] ===============================================================
